#
# A fatal error has been detected by the Java Runtime Environment:
#
#  SIGSEGV (0xb) at pc=0x00007faadbee3a6d, pid=76775, tid=0x00007fa9ac1fc700
#
# JRE version: OpenJDK Runtime Environment (8.0_292-b10) (build 1.8.0_292-8u292-b10-0ubuntu1~18.04-b10)
# Java VM: OpenJDK 64-Bit Server VM (25.292-b10 mixed mode linux-amd64 compressed oops)
# Problematic frame:
# C  [libc.so.6+0x97a6d]  cfree+0x3d
#
# Failed to write core dump. Core dumps have been disabled. To enable core dumping, try "ulimit -c unlimited" before starting Java again
#
# If you would like to submit a bug report, please visit:
#   http://bugreport.java.com/bugreport/crash.jsp
# The crash happened outside the Java Virtual Machine in native code.
# See problematic frame for where to report the bug.
#

---------------  T H R E A D  ---------------

Current thread (0x00007fa915e1d000):  JavaThread "pool-2-thread-2" [_thread_in_native, id=76871, stack(0x00007fa9ac0fc000,0x00007fa9ac1fd000)]

siginfo: si_signo: 11 (SIGSEGV), si_code: 1 (SEGV_MAPERR), si_addr: 0x000000000000001d

Registers:
RAX=0x0000000000000000, RBX=0x0000000000000000, RCX=0x00007fa918001b88, RDX=0x0000000000000018
RSP=0x00007fa9ac1fb180, RBP=0x00007fa9ac1fb250, RSI=0x00007fa90c001a50, RDI=0x0000000000000025
R8 =0x00007fa918001b88, R9 =0x0000000000000000, R10=0x00007fa90c0008d0, R11=0x0000000000000001
R12=0x0000000000000025, R13=0x00007fa918001b68, R14=0x00007fa90c001a68, R15=0x0000000000000003
RIP=0x00007faadbee3a6d, EFLAGS=0x0000000000010202, CSGSFS=0x0000000000000033, ERR=0x0000000000000004
  TRAPNO=0x000000000000000e

Top of Stack: (sp=0x00007fa9ac1fb180)
0x00007fa9ac1fb180:   00007fa9ac1fb2c0 00007fa9a389212d
0x00007fa9ac1fb190:   0000000000000018 00007fa9a3b0a16b
0x00007fa9ac1fb1a0:   0000000000000018 57bf8ad07c834f00
0x00007fa9ac1fb1b0:   00007fa91e477230 0000000000000000
0x00007fa9ac1fb1c0:   00007fa9ac1fb250 00007fa918001b68
0x00007fa9ac1fb1d0:   00007fa918001b68 00007fa90c001a68
0x00007fa9ac1fb1e0:   0000000000000003 00007fa9a3862356
0x00007fa9ac1fb1f0:   00007fa91e4771e8 0000000000000018
0x00007fa9ac1fb200:   0000000000000000 0000000000000018
0x00007fa9ac1fb210:   00007fa918001b68 00007faad48f9d30
0x00007fa9ac1fb220:   00007fa94080f0e0 0000000000000000
0x00007fa9ac1fb230:   00007fa91e4771e8 00007fa94080f0e0
0x00007fa9ac1fb240:   00007fa91e4771e8 1fffffffffffffff
0x00007fa9ac1fb250:   00007fa9ac1fb2c0 00007fa9a3890154
0x00007fa9ac1fb260:   00007faad48f9ca8 00007fa9ac1fb270
0x00007fa9ac1fb270:   00007fa918001860 00007fa918001878
0x00007fa9ac1fb280:   00007fa918001878 57bf8ad07c834f00
0x00007fa9ac1fb290:   00007fa90c000b50 00007fa94080f0e0
0x00007fa9ac1fb2a0:   0000000000000000 00007fa94080f0e0
0x00007fa9ac1fb2b0:   00007fa9ac1fb480 00007fa915e1d000
0x00007fa9ac1fb2c0:   00007fa9ac1fb2e0 00007faa041f7a8f
0x00007fa9ac1fb2d0:   00007fa91e477230 00007fa90c000b50
0x00007fa9ac1fb2e0:   00007fa9ac1fb3d0 00007faa041f73a9
0x00007fa9ac1fb2f0:   00007fa9ac1fb468 00007faad5da1800
0x00007fa9ac1fb300:   00007fa9ac1fb480 00007fa915e1d250
0x00007fa9ac1fb310:   00000005c5754ff8 57bf8ad07c834f00
0x00007fa9ac1fb320:   00007fa9ac1fb390 00007fa90c000b50
0x00007fa9ac1fb330:   00007fa915e1d000 00007fa915a49c70
0x00007fa9ac1fb340:   00007fa94080f0e0 00007fa915e1d000
0x00007fa9ac1fb350:   00007fa9ac1fb3c0 00007faadae5314a
0x00007fa9ac1fb360:   0000000000000006 00007fa91e4917f0
0x00007fa9ac1fb370:   00007fa9ac1fb3c0 00007fa915e1d000 

Instructions: (pc=0x00007faadbee3a6d)
0x00007faadbee3a4d:   24 28 31 c0 48 8b 05 98 34 35 00 48 8b 00 48 85
0x00007faadbee3a5d:   c0 0f 85 ac 02 00 00 48 85 ff 0f 84 23 01 00 00
0x00007faadbee3a6d:   48 8b 77 f8 4c 8d 6f f0 40 f6 c6 02 0f 85 39 01
0x00007faadbee3a7d:   00 00 48 8b 2d f2 32 35 00 64 48 83 7d 00 00 0f 

Register to memory mapping:

RAX=0x0000000000000000 is an unknown value
RBX=0x0000000000000000 is an unknown value
RCX=0x00007fa918001b88 is an unknown value
RDX=0x0000000000000018 is an unknown value
RSP=0x00007fa9ac1fb180 is pointing into the stack for thread: 0x00007fa915e1d000
RBP=0x00007fa9ac1fb250 is pointing into the stack for thread: 0x00007fa915e1d000
RSI=0x00007fa90c001a50 is an unknown value
RDI=0x0000000000000025 is an unknown value
R8 =0x00007fa918001b88 is an unknown value
R9 =0x0000000000000000 is an unknown value
R10=0x00007fa90c0008d0 is an unknown value
R11=0x0000000000000001 is an unknown value
R12=0x0000000000000025 is an unknown value
R13=0x00007fa918001b68 is an unknown value
R14=0x00007fa90c001a68 is an unknown value
R15=0x0000000000000003 is an unknown value


Stack: [0x00007fa9ac0fc000,0x00007fa9ac1fd000],  sp=0x00007fa9ac1fb180,  free space=1020k
Native frames: (J=compiled Java code, j=interpreted, Vv=VM code, C=native code)
C  [libc.so.6+0x97a6d]  cfree+0x3d
C  [libpaddle_inference.so+0x1076154]  paddle::ZeroCopyTensor::SetLoD(std::vector<std::vector<unsigned long, std::allocator<unsigned long> >, std::allocator<std::vector<unsigned long, std::allocator<unsigned long> > > > const&)+0x154
C  [0.13.0-SNAPSHOT-cpu-libdjl_paddle.so+0x1ea8f]  utils::GetZTensorFromTensor(paddle::ZeroCopyTensor*, paddle::PaddleTensor*)+0x3e
C  [0.13.0-SNAPSHOT-cpu-libdjl_paddle.so+0x1e3a9]  Java_ai_djl_paddlepaddle_jni_PaddleLibrary_runInference+0xe1
j  ai.djl.paddlepaddle.jni.PaddleLibrary.runInference(J[J)[J+0
j  ai.djl.paddlepaddle.jni.JniUtils.predictorForward(Lai/djl/paddlepaddle/engine/PaddlePredictor;[Lai/djl/paddlepaddle/engine/PpNDArray;[Ljava/lang/String;)[Lai/djl/paddlepaddle/engine/PpNDArray;+63
j  ai.djl.paddlepaddle.engine.PpSymbolBlock.forwardInternal(Lai/djl/training/ParameterStore;Lai/djl/ndarray/NDList;ZLai/djl/util/PairList;)Lai/djl/ndarray/NDList;+109
j  ai.djl.nn.AbstractBlock.forward(Lai/djl/training/ParameterStore;Lai/djl/ndarray/NDList;ZLai/djl/util/PairList;)Lai/djl/ndarray/NDList;+36
j  ai.djl.nn.Block.forward(Lai/djl/training/ParameterStore;Lai/djl/ndarray/NDList;Z)Lai/djl/ndarray/NDList;+5
j  ai.djl.inference.Predictor.predict(Lai/djl/ndarray/NDList;)Lai/djl/ndarray/NDList;+21
j  ai.djl.inference.Predictor.batchPredict(Ljava/util/List;)Ljava/util/List;+140
j  ai.djl.inference.Predictor.predict(Ljava/lang/Object;)Ljava/lang/Object;+5
j  Main$InferRunnable.run()V+22
j  java.util.concurrent.ThreadPoolExecutor.runWorker(Ljava/util/concurrent/ThreadPoolExecutor$Worker;)V+95
j  java.util.concurrent.ThreadPoolExecutor$Worker.run()V+5
j  java.lang.Thread.run()V+11
v  ~StubRoutines::call_stub
V  [libjvm.so+0x6b04aa]
V  [libjvm.so+0x6ada8b]
V  [libjvm.so+0x6ae077]
V  [libjvm.so+0x755edb]
V  [libjvm.so+0xb08d2f]
V  [libjvm.so+0xb0a0fa]
V  [libjvm.so+0x990552]
C  [libpthread.so.0+0x76db]  start_thread+0xdb

Java frames: (J=compiled Java code, j=interpreted, Vv=VM code)
j  ai.djl.paddlepaddle.jni.PaddleLibrary.runInference(J[J)[J+0
j  ai.djl.paddlepaddle.jni.JniUtils.predictorForward(Lai/djl/paddlepaddle/engine/PaddlePredictor;[Lai/djl/paddlepaddle/engine/PpNDArray;[Ljava/lang/String;)[Lai/djl/paddlepaddle/engine/PpNDArray;+63
j  ai.djl.paddlepaddle.engine.PpSymbolBlock.forwardInternal(Lai/djl/training/ParameterStore;Lai/djl/ndarray/NDList;ZLai/djl/util/PairList;)Lai/djl/ndarray/NDList;+109
j  ai.djl.nn.AbstractBlock.forward(Lai/djl/training/ParameterStore;Lai/djl/ndarray/NDList;ZLai/djl/util/PairList;)Lai/djl/ndarray/NDList;+36
j  ai.djl.nn.Block.forward(Lai/djl/training/ParameterStore;Lai/djl/ndarray/NDList;Z)Lai/djl/ndarray/NDList;+5
j  ai.djl.inference.Predictor.predict(Lai/djl/ndarray/NDList;)Lai/djl/ndarray/NDList;+21
j  ai.djl.inference.Predictor.batchPredict(Ljava/util/List;)Ljava/util/List;+140
j  ai.djl.inference.Predictor.predict(Ljava/lang/Object;)Ljava/lang/Object;+5
j  Main$InferRunnable.run()V+22
j  java.util.concurrent.ThreadPoolExecutor.runWorker(Ljava/util/concurrent/ThreadPoolExecutor$Worker;)V+95
j  java.util.concurrent.ThreadPoolExecutor$Worker.run()V+5
j  java.lang.Thread.run()V+11
v  ~StubRoutines::call_stub

---------------  P R O C E S S  ---------------

Java Threads: ( => current thread )
  0x00007faad400c800 JavaThread "DestroyJavaVM" [_thread_blocked, id=76779, stack(0x00007faadc565000,0x00007faadc665000)]
=>0x00007fa915e1d000 JavaThread "pool-2-thread-2" [_thread_in_native, id=76871, stack(0x00007fa9ac0fc000,0x00007fa9ac1fd000)]
  0x00007fa915e1c800 JavaThread "pool-2-thread-1" [_thread_in_native, id=76870, stack(0x00007faa040d8000,0x00007faa041d9000)]
  0x00007faad44f4800 JavaThread "process reaper" daemon [_thread_blocked, id=76830, stack(0x00007faa05095000,0x00007faa050ce000)]
  0x00007faad4118800 JavaThread "Service Thread" daemon [_thread_blocked, id=76827, stack(0x00007faa05ee6000,0x00007faa05fe7000)]
  0x00007faad4115800 JavaThread "C1 CompilerThread14" daemon [_thread_blocked, id=76826, stack(0x00007faa05fe8000,0x00007faa060e8000)]
  0x00007faad4114000 JavaThread "C1 CompilerThread13" daemon [_thread_blocked, id=76825, stack(0x00007faa060e9000,0x00007faa061e9000)]
  0x00007faad4112000 JavaThread "C1 CompilerThread12" daemon [_thread_blocked, id=76824, stack(0x00007faa061ea000,0x00007faa062ea000)]
  0x00007faad410f800 JavaThread "C1 CompilerThread11" daemon [_thread_blocked, id=76823, stack(0x00007faa062eb000,0x00007faa063eb000)]
  0x00007faad410d800 JavaThread "C1 CompilerThread10" daemon [_thread_blocked, id=76822, stack(0x00007faa063ec000,0x00007faa064ec000)]
  0x00007faad410b800 JavaThread "C2 CompilerThread9" daemon [_thread_blocked, id=76821, stack(0x00007faa064ed000,0x00007faa065ed000)]
  0x00007faad4109000 JavaThread "C2 CompilerThread8" daemon [_thread_blocked, id=76820, stack(0x00007faa065ee000,0x00007faa066ee000)]
  0x00007faad4107000 JavaThread "C2 CompilerThread7" daemon [_thread_blocked, id=76819, stack(0x00007faa066ef000,0x00007faa067ef000)]
  0x00007faad4105000 JavaThread "C2 CompilerThread6" daemon [_thread_blocked, id=76818, stack(0x00007faa067f0000,0x00007faa068f0000)]
  0x00007faad4102800 JavaThread "C2 CompilerThread5" daemon [_thread_blocked, id=76817, stack(0x00007faa068f1000,0x00007faa069f1000)]
  0x00007faad4100800 JavaThread "C2 CompilerThread4" daemon [_thread_blocked, id=76816, stack(0x00007faa069f2000,0x00007faa06af2000)]
  0x00007faad40f6800 JavaThread "C2 CompilerThread3" daemon [_thread_blocked, id=76815, stack(0x00007faa06af3000,0x00007faa06bf3000)]
  0x00007faad40f4000 JavaThread "C2 CompilerThread2" daemon [_thread_blocked, id=76814, stack(0x00007faa06bf4000,0x00007faa06cf4000)]
  0x00007faad40f2800 JavaThread "C2 CompilerThread1" daemon [_thread_blocked, id=76813, stack(0x00007faa06cf5000,0x00007faa06df5000)]
  0x00007faad40ef800 JavaThread "C2 CompilerThread0" daemon [_thread_blocked, id=76812, stack(0x00007faa06df6000,0x00007faa06ef6000)]
  0x00007faad40ea000 JavaThread "Signal Dispatcher" daemon [_thread_blocked, id=76811, stack(0x00007faa06ef6000,0x00007faa06ff7000)]
  0x00007faad40bc000 JavaThread "Finalizer" daemon [_thread_blocked, id=76810, stack(0x00007faa07349000,0x00007faa0744a000)]
  0x00007faad40b7800 JavaThread "Reference Handler" daemon [_thread_blocked, id=76809, stack(0x00007faa0744a000,0x00007faa0754b000)]

Other Threads:
  0x00007faad40ae000 VMThread [stack: 0x00007faa0754c000,0x00007faa0764c000] [id=76808]
  0x00007faad411b800 WatcherThread [stack: 0x00007faa05de6000,0x00007faa05ee6000] [id=76828]

VM state:not at safepoint (normal execution)

VM Mutex/Monitor currently owned by a thread: None

heap address: 0x0000000080200000, size: 30718 MB, Compressed Oops mode: Zero based, Oop shift amount: 3
Narrow klass base: 0x0000000800000000, Narrow klass shift: 0
Compressed class space size: 1073741824 Address: 0x0000000800000000

Heap:
 PSYoungGen      total 1136640K, used 438317K [0x0000000580100000, 0x00000005cac00000, 0x0000000800000000)
  eden space 1049600K, 33% used [0x0000000580100000,0x000000059580cf38,0x00000005c0200000)
  from space 87040K, 99% used [0x00000005c5700000,0x00000005cabfe5e0,0x00000005cac00000)
  to   space 87040K, 0% used [0x00000005c0200000,0x00000005c0200000,0x00000005c5700000)
 ParOldGen       total 1398272K, used 72784K [0x0000000080200000, 0x00000000d5780000, 0x0000000580100000)
  object space 1398272K, 5% used [0x0000000080200000,0x00000000849140a0,0x00000000d5780000)
 Metaspace       used 14609K, capacity 14938K, committed 15232K, reserved 1062912K
  class space    used 1756K, capacity 1860K, committed 1920K, reserved 1048576K

Card table byte_map: [0x00007faac1400000,0x00007faac5000000] byte_map_base: 0x00007faac0fff000

Marking Bits: (ParMarkBitMap*) 0x00007faadb7ef6c0
 Begin Bits: [0x00007faa10010000, 0x00007faa2e008000)
 End Bits:   [0x00007faa2e008000, 0x00007faa4c000000)

Polling page: 0x00007faadc672000

CodeCache: size=245760Kb used=8598Kb max_used=8609Kb free=237161Kb
 bounds [0x00007faac5000000, 0x00007faac5870000, 0x00007faad4000000]
 total_blobs=2225 nmethods=1822 adapters=313
 compilation: enabled

Compilation events (10 events):
Event: 4.571 Thread 0x00007faad40ef800 1817 %     4       sun.security.provider.SHA::implCompress0 @ 3 (482 bytes)
Event: 4.586 Thread 0x00007faad40ef800 nmethod 1817% 0x00007faac586a490 code [0x00007faac586a600, 0x00007faac586b138]
Event: 4.765 Thread 0x00007faad4100800 1818       4       sun.security.provider.SHA::implCompress0 (482 bytes)
Event: 4.777 Thread 0x00007faad4100800 nmethod 1818 0x00007faac5866210 code [0x00007faac5866380, 0x00007faac5866cf8]
Event: 4.843 Thread 0x00007faad4115800 1819       3       ai.djl.paddlepaddle.engine.PpNDArray::setName (6 bytes)
Event: 4.843 Thread 0x00007faad410d800 1820       3       ai.djl.paddlepaddle.jni.JniUtils::setNdName (18 bytes)
Event: 4.843 Thread 0x00007faad4109000 1822       4       ai.djl.util.NativeResource::getHandle (24 bytes)
Event: 4.844 Thread 0x00007faad4115800 nmethod 1819 0x00007faac5869550 code [0x00007faac5869700, 0x00007faac5869e18]
Event: 4.844 Thread 0x00007faad410d800 nmethod 1820 0x00007faac5868a90 code [0x00007faac5868c40, 0x00007faac58692f8]
Event: 4.844 Thread 0x00007faad4109000 nmethod 1822 0x00007faac5852950 code [0x00007faac5852aa0, 0x00007faac5852b38]

GC Heap History (4 events):
Event: 1.282 GC heap before
{Heap before GC invocations=1 (full 0):
 PSYoungGen      total 611840K, used 524800K [0x0000000580100000, 0x00000005aab80000, 0x0000000800000000)
  eden space 524800K, 100% used [0x0000000580100000,0x00000005a0180000,0x00000005a0180000)
  from space 87040K, 0% used [0x00000005a5680000,0x00000005a5680000,0x00000005aab80000)
  to   space 87040K, 0% used [0x00000005a0180000,0x00000005a0180000,0x00000005a5680000)
 ParOldGen       total 1398272K, used 0K [0x0000000080200000, 0x00000000d5780000, 0x0000000580100000)
  object space 1398272K, 0% used [0x0000000080200000,0x0000000080200000,0x00000000d5780000)
 Metaspace       used 3025K, capacity 4566K, committed 4864K, reserved 1056768K
  class space    used 308K, capacity 390K, committed 512K, reserved 1048576K
Event: 1.336 GC heap after
Heap after GC invocations=1 (full 0):
 PSYoungGen      total 611840K, used 87011K [0x0000000580100000, 0x00000005cac00000, 0x0000000800000000)
  eden space 524800K, 0% used [0x0000000580100000,0x0000000580100000,0x00000005a0180000)
  from space 87040K, 99% used [0x00000005a0180000,0x00000005a5678ca0,0x00000005a5680000)
  to   space 87040K, 0% used [0x00000005c5700000,0x00000005c5700000,0x00000005cac00000)
 ParOldGen       total 1398272K, used 928K [0x0000000080200000, 0x00000000d5780000, 0x0000000580100000)
  object space 1398272K, 0% used [0x0000000080200000,0x00000000802e8020,0x00000000d5780000)
 Metaspace       used 3025K, capacity 4566K, committed 4864K, reserved 1056768K
  class space    used 308K, capacity 390K, committed 512K, reserved 1048576K
}
Event: 4.000 GC heap before
{Heap before GC invocations=2 (full 0):
 PSYoungGen      total 611840K, used 611811K [0x0000000580100000, 0x00000005cac00000, 0x0000000800000000)
  eden space 524800K, 100% used [0x0000000580100000,0x00000005a0180000,0x00000005a0180000)
  from space 87040K, 99% used [0x00000005a0180000,0x00000005a5678ca0,0x00000005a5680000)
  to   space 87040K, 0% used [0x00000005c5700000,0x00000005c5700000,0x00000005cac00000)
 ParOldGen       total 1398272K, used 928K [0x0000000080200000, 0x00000000d5780000, 0x0000000580100000)
  object space 1398272K, 0% used [0x0000000080200000,0x00000000802e8020,0x00000000d5780000)
 Metaspace       used 14582K, capacity 14938K, committed 15232K, reserved 1062912K
  class space    used 1752K, capacity 1860K, committed 1920K, reserved 1048576K
Event: 4.070 GC heap after
Heap after GC invocations=2 (full 0):
 PSYoungGen      total 1136640K, used 87033K [0x0000000580100000, 0x00000005cac00000, 0x0000000800000000)
  eden space 1049600K, 0% used [0x0000000580100000,0x0000000580100000,0x00000005c0200000)
  from space 87040K, 99% used [0x00000005c5700000,0x00000005cabfe5e0,0x00000005cac00000)
  to   space 87040K, 0% used [0x00000005c0200000,0x00000005c0200000,0x00000005c5700000)
 ParOldGen       total 1398272K, used 72784K [0x0000000080200000, 0x00000000d5780000, 0x0000000580100000)
  object space 1398272K, 5% used [0x0000000080200000,0x00000000849140a0,0x00000000d5780000)
 Metaspace       used 14582K, capacity 14938K, committed 15232K, reserved 1062912K
  class space    used 1752K, capacity 1860K, committed 1920K, reserved 1048576K
}

Deoptimization events (10 events):
Event: 4.071 Thread 0x00007faad400c800 Uncommon trap: reason=unstable_if action=reinterpret pc=0x00007faac57ef6fc method=java.nio.Bits.tryReserveMemory(JI)Z @ 29
Event: 4.071 Thread 0x00007faad400c800 Uncommon trap: reason=unstable_if action=reinterpret pc=0x00007faac57e1910 method=java.nio.Bits.tryReserveMemory(JI)Z @ 29
Event: 4.071 Thread 0x00007faad400c800 Uncommon trap: reason=unstable_if action=reinterpret pc=0x00007faac57dbc24 method=java.nio.Bits.tryReserveMemory(JI)Z @ 29
Event: 4.071 Thread 0x00007faad400c800 Uncommon trap: reason=unstable_if action=reinterpret pc=0x00007faac579c088 method=java.nio.Bits.tryReserveMemory(JI)Z @ 29
Event: 4.072 Thread 0x00007faad400c800 Uncommon trap: reason=unstable_if action=reinterpret pc=0x00007faac57985e8 method=java.nio.Bits.tryReserveMemory(JI)Z @ 29
Event: 4.100 Thread 0x00007faad40b7800 Uncommon trap: reason=class_check action=maybe_recompile pc=0x00007faac583afc0 method=java.lang.ref.Reference.tryHandlePending(Z)Z @ 17
Event: 4.100 Thread 0x00007faad40b7800 Uncommon trap: reason=class_check action=maybe_recompile pc=0x00007faac583afc0 method=java.lang.ref.Reference.tryHandlePending(Z)Z @ 17
Event: 4.100 Thread 0x00007faad40b7800 Uncommon trap: reason=class_check action=maybe_recompile pc=0x00007faac583afc0 method=java.lang.ref.Reference.tryHandlePending(Z)Z @ 17
Event: 4.100 Thread 0x00007faad40b7800 Uncommon trap: reason=class_check action=maybe_recompile pc=0x00007faac583afc0 method=java.lang.ref.Reference.tryHandlePending(Z)Z @ 17
Event: 4.839 Thread 0x00007faad400c800 Uncommon trap: reason=unloaded action=reinterpret pc=0x00007faac57f683c method=Main.main([Ljava/lang/String;)V @ 399

Classes redefined (0 events):
No events

Internal exceptions (10 events):
Event: 2.181 Thread 0x00007faad400c800 Exception <a 'sun/nio/fs/UnixException'> (0x000000058f7e9eb0) thrown at [/build/openjdk-8-7YS7ei/openjdk-8-8u292-b10/src/hotspot/src/share/vm/prims/jni.cpp, line 711]
Event: 2.181 Thread 0x00007faad400c800 Exception <a 'sun/nio/fs/UnixException'> (0x000000058f7ea748) thrown at [/build/openjdk-8-7YS7ei/openjdk-8-8u292-b10/src/hotspot/src/share/vm/prims/jni.cpp, line 711]
Event: 2.181 Thread 0x00007faad400c800 Exception <a 'sun/nio/fs/UnixException'> (0x000000058f7eafa8) thrown at [/build/openjdk-8-7YS7ei/openjdk-8-8u292-b10/src/hotspot/src/share/vm/prims/jni.cpp, line 711]
Event: 2.296 Thread 0x00007faad400c800 Exception <a 'sun/nio/fs/UnixException'> (0x0000000591081be0) thrown at [/build/openjdk-8-7YS7ei/openjdk-8-8u292-b10/src/hotspot/src/share/vm/prims/jni.cpp, line 711]
Event: 2.297 Thread 0x00007faad400c800 Exception <a 'sun/nio/fs/UnixException'> (0x0000000591086768) thrown at [/build/openjdk-8-7YS7ei/openjdk-8-8u292-b10/src/hotspot/src/share/vm/prims/jni.cpp, line 711]
Event: 2.297 Thread 0x00007faad400c800 Exception <a 'sun/nio/fs/UnixException'> (0x0000000591087120) thrown at [/build/openjdk-8-7YS7ei/openjdk-8-8u292-b10/src/hotspot/src/share/vm/prims/jni.cpp, line 711]
Event: 2.297 Thread 0x00007faad400c800 Exception <a 'sun/nio/fs/UnixException'> (0x00000005910878a0) thrown at [/build/openjdk-8-7YS7ei/openjdk-8-8u292-b10/src/hotspot/src/share/vm/prims/jni.cpp, line 711]
Event: 2.297 Thread 0x00007faad400c800 Exception <a 'sun/nio/fs/UnixException'> (0x0000000591088060) thrown at [/build/openjdk-8-7YS7ei/openjdk-8-8u292-b10/src/hotspot/src/share/vm/prims/jni.cpp, line 711]
Event: 2.297 Thread 0x00007faad400c800 Exception <a 'sun/nio/fs/UnixException'> (0x0000000591088a20) thrown at [/build/openjdk-8-7YS7ei/openjdk-8-8u292-b10/src/hotspot/src/share/vm/prims/jni.cpp, line 711]
Event: 2.297 Thread 0x00007faad400c800 Exception <a 'sun/nio/fs/UnixException'> (0x00000005910891d0) thrown at [/build/openjdk-8-7YS7ei/openjdk-8-8u292-b10/src/hotspot/src/share/vm/prims/jni.cpp, line 711]

Events (10 events):
Event: 4.839 Thread 0x00007faad400c800 DEOPT PACKING pc=0x00007faac57f683c sp=0x00007faadc6638d0
Event: 4.839 Thread 0x00007faad400c800 DEOPT UNPACKING pc=0x00007faac504547a sp=0x00007faadc6638b8 mode 2
Event: 4.839 loading class Main$InferRunnable
Event: 4.839 loading class Main$InferRunnable done
Event: 4.840 Thread 0x00007fa915e1c800 Thread added: 0x00007fa915e1c800
Event: 4.841 loading class ai/djl/inference/Predictor$PredictorContext
Event: 4.841 loading class ai/djl/inference/Predictor$PredictorContext done
Event: 4.842 Thread 0x00007fa915e1d000 Thread added: 0x00007fa915e1d000
Event: 4.842 Thread 0x00007faad400c800 Thread exited: 0x00007faad400c800
Event: 4.842 Thread 0x00007faad400c800 Thread added: 0x00007faad400c800


Dynamic libraries:
80200000-d5780000 rw-p 00000000 00:00 0 
d5780000-580100000 ---p 00000000 00:00 0 
580100000-5cac00000 rw-p 00000000 00:00 0 
5cac00000-800000000 ---p 00000000 00:00 0 
800000000-8001e0000 rw-p 00000000 00:00 0 
8001e0000-840000000 ---p 00000000 00:00 0 
7fa90c000000-7fa90c021000 rw-p 00000000 00:00 0 
7fa90c021000-7fa910000000 ---p 00000000 00:00 0 
7fa914000000-7fa915e1f000 rw-p 00000000 00:00 0 
7fa915e1f000-7fa918000000 ---p 00000000 00:00 0 
7fa918000000-7fa918021000 rw-p 00000000 00:00 0 
7fa918021000-7fa91c000000 ---p 00000000 00:00 0 
7fa91c000000-7fa920000000 rw-p 00000000 00:00 0 
7fa9213f6000-7fa9407f7000 rw-p 00000000 00:00 0 
7fa9407f7000-7fa9408f7000 rw-p 00000000 00:00 0 
7fa9408f7000-7fa9409f7000 ---p 00000000 00:00 0 
7fa9409f7000-7fa9429f7000 rw-p 00000000 00:00 0 
7fa9429f7000-7fa9469f7000 rw-p 00000000 00:00 0 
7fa9469f7000-7fa9489f7000 rw-p 00000000 00:00 0 
7fa9489f7000-7fa94a9f7000 rw-p 00000000 00:00 0 
7fa94a9f7000-7fa94c9f7000 rw-p 00000000 00:00 0 
7fa94c9f7000-7fa94e9f7000 rw-p 00000000 00:00 0 
7fa94e9f7000-7fa94e9f8000 ---p 00000000 00:00 0 
7fa94e9f8000-7fa94f3f8000 rw-p 00000000 00:00 0 
7fa94f3f8000-7fa9513f8000 rw-p 00000000 00:00 0 
7fa9513f8000-7fa9513f9000 ---p 00000000 00:00 0 
7fa9513f9000-7fa951df9000 rw-p 00000000 00:00 0 
7fa951df9000-7fa953df9000 rw-p 00000000 00:00 0 
7fa953df9000-7fa955df9000 rw-p 00000000 00:00 0 
7fa955df9000-7fa957df9000 rw-p 00000000 00:00 0 
7fa957df9000-7fa959df9000 rw-p 00000000 00:00 0 
7fa959df9000-7fa95bdf9000 rw-p 00000000 00:00 0 
7fa95bdf9000-7fa95ddf9000 rw-p 00000000 00:00 0 
7fa95ddf9000-7fa95fdf9000 rw-p 00000000 00:00 0 
7fa95fdf9000-7fa967df9000 rw-p 00000000 00:00 0 
7fa967df9000-7fa967dfa000 ---p 00000000 00:00 0 
7fa967dfa000-7fa9687fa000 rw-p 00000000 00:00 0 
7fa9687fa000-7fa96a7fa000 rw-p 00000000 00:00 0 
7fa96a7fa000-7fa96c7fa000 rw-p 00000000 00:00 0 
7fa96c7fa000-7fa96e7fa000 rw-p 00000000 00:00 0 
7fa96e7fa000-7fa9707fa000 rw-p 00000000 00:00 0 
7fa9707fa000-7fa9727fa000 rw-p 00000000 00:00 0 
7fa9727fa000-7fa9727fb000 ---p 00000000 00:00 0 
7fa9727fb000-7fa9731fb000 rw-p 00000000 00:00 0 
7fa9731fb000-7fa9751fb000 rw-p 00000000 00:00 0 
7fa9751fb000-7fa9751fc000 ---p 00000000 00:00 0 
7fa9751fc000-7fa975bfc000 rw-p 00000000 00:00 0 
7fa975bfc000-7fa975bfd000 ---p 00000000 00:00 0 
7fa975bfd000-7fa9765fd000 rw-p 00000000 00:00 0 
7fa9765fd000-7fa9765fe000 ---p 00000000 00:00 0 
7fa9765fe000-7fa976ffe000 rw-p 00000000 00:00 0 
7fa976ffe000-7fa976fff000 ---p 00000000 00:00 0 
7fa976fff000-7fa9779ff000 rw-p 00000000 00:00 0 
7fa9779ff000-7fa977a00000 ---p 00000000 00:00 0 
7fa977a00000-7fa978400000 rw-p 00000000 00:00 0 
7fa978400000-7fa978401000 ---p 00000000 00:00 0 
7fa978401000-7fa978e01000 rw-p 00000000 00:00 0 
7fa978e01000-7fa97ae01000 rw-p 00000000 00:00 0 
7fa97ae01000-7fa97ae02000 ---p 00000000 00:00 0 
7fa97ae02000-7fa97b802000 rw-p 00000000 00:00 0 
7fa97b802000-7fa97b803000 ---p 00000000 00:00 0 
7fa97b803000-7fa97c203000 rw-p 00000000 00:00 0 
7fa97c203000-7fa97c204000 ---p 00000000 00:00 0 
7fa97c204000-7fa97cc04000 rw-p 00000000 00:00 0 
7fa97cc04000-7fa97cc05000 ---p 00000000 00:00 0 
7fa97cc05000-7fa97d605000 rw-p 00000000 00:00 0 
7fa97d605000-7fa97d606000 ---p 00000000 00:00 0 
7fa97d606000-7fa97e006000 rw-p 00000000 00:00 0 
7fa97e006000-7fa97e007000 ---p 00000000 00:00 0 
7fa97e007000-7fa97ea07000 rw-p 00000000 00:00 0 
7fa97ea07000-7fa97ea08000 ---p 00000000 00:00 0 
7fa97ea08000-7fa97f408000 rw-p 00000000 00:00 0 
7fa97f408000-7fa97f409000 ---p 00000000 00:00 0 
7fa97f409000-7fa97fe09000 rw-p 00000000 00:00 0 
7fa97fe09000-7fa97fe0a000 ---p 00000000 00:00 0 
7fa97fe0a000-7fa98080a000 rw-p 00000000 00:00 0 
7fa98080a000-7fa98080b000 ---p 00000000 00:00 0 
7fa98080b000-7fa98120b000 rw-p 00000000 00:00 0 
7fa98120b000-7fa98120c000 ---p 00000000 00:00 0 
7fa98120c000-7fa981c0c000 rw-p 00000000 00:00 0 
7fa981c0c000-7fa981c0d000 ---p 00000000 00:00 0 
7fa981c0d000-7fa98260d000 rw-p 00000000 00:00 0 
7fa98260d000-7fa98260e000 ---p 00000000 00:00 0 
7fa98260e000-7fa98300e000 rw-p 00000000 00:00 0 
7fa98300e000-7fa98300f000 ---p 00000000 00:00 0 
7fa98300f000-7fa983a0f000 rw-p 00000000 00:00 0 
7fa983a0f000-7fa983a10000 ---p 00000000 00:00 0 
7fa983a10000-7fa984410000 rw-p 00000000 00:00 0 
7fa984410000-7fa986410000 rw-p 00000000 00:00 0 
7fa986410000-7fa986411000 ---p 00000000 00:00 0 
7fa986411000-7fa986e11000 rw-p 00000000 00:00 0 
7fa986e11000-7fa988e11000 rw-p 00000000 00:00 0 
7fa988e11000-7fa988e12000 ---p 00000000 00:00 0 
7fa988e12000-7fa989812000 rw-p 00000000 00:00 0 
7fa989812000-7fa98b812000 rw-p 00000000 00:00 0 
7fa98b812000-7fa98b813000 ---p 00000000 00:00 0 
7fa98b813000-7fa98c213000 rw-p 00000000 00:00 0 
7fa98c213000-7fa98e213000 rw-p 00000000 00:00 0 
7fa98e213000-7fa98e214000 ---p 00000000 00:00 0 
7fa98e214000-7fa98ec14000 rw-p 00000000 00:00 0 
7fa98ec14000-7fa990c14000 rw-p 00000000 00:00 0 
7fa990c14000-7fa990c15000 ---p 00000000 00:00 0 
7fa990c15000-7fa991615000 rw-p 00000000 00:00 0 
7fa991615000-7fa993615000 rw-p 00000000 00:00 0 
7fa993615000-7fa993616000 ---p 00000000 00:00 0 
7fa993616000-7fa994016000 rw-p 00000000 00:00 0 
7fa994016000-7fa996016000 rw-p 00000000 00:00 0 
7fa996016000-7fa996017000 ---p 00000000 00:00 0 
7fa996017000-7fa996a17000 rw-p 00000000 00:00 0 
7fa996a17000-7fa998a17000 rw-p 00000000 00:00 0 
7fa998a17000-7fa998a18000 ---p 00000000 00:00 0 
7fa998a18000-7fa999418000 rw-p 00000000 00:00 0 
7fa999418000-7fa99b418000 rw-p 00000000 00:00 0 
7fa99b418000-7fa99b419000 ---p 00000000 00:00 0 
7fa99b419000-7fa99be19000 rw-p 00000000 00:00 0 
7fa99be19000-7fa99de19000 rw-p 00000000 00:00 0 
7fa99de19000-7fa99de1a000 ---p 00000000 00:00 0 
7fa99de1a000-7fa99e81a000 rw-p 00000000 00:00 0 
7fa99e81a000-7fa9a081a000 rw-p 00000000 00:00 0 
7fa9a081a000-7fa9a281a000 rw-p 00000000 00:00 0 
7fa9a281a000-7fa9a7cfb000 r-xp 00000000 fc:0c 15482674                   /root/.djl.ai/paddle/2.0.2-cpu-linux-x86_64/libpaddle_inference.so
7fa9a7cfb000-7fa9a7efa000 ---p 054e1000 fc:0c 15482674                   /root/.djl.ai/paddle/2.0.2-cpu-linux-x86_64/libpaddle_inference.so
7fa9a7efa000-7fa9a7fad000 r--p 054e0000 fc:0c 15482674                   /root/.djl.ai/paddle/2.0.2-cpu-linux-x86_64/libpaddle_inference.so
7fa9a7fad000-7fa9a7fda000 rw-p 05593000 fc:0c 15482674                   /root/.djl.ai/paddle/2.0.2-cpu-linux-x86_64/libpaddle_inference.so
7fa9a7fda000-7fa9a8000000 rw-p 00000000 00:00 0 
7fa9a8000000-7fa9a8021000 rw-p 00000000 00:00 0 
7fa9a8021000-7fa9ac000000 ---p 00000000 00:00 0 
7fa9ac0fc000-7fa9ac0ff000 ---p 00000000 00:00 0 
7fa9ac0ff000-7fa9ac1fd000 rw-p 00000000 00:00 0 
7fa9ac1fd000-7fa9ac1fe000 ---p 00000000 00:00 0 
7fa9ac1fe000-7fa9acbfe000 rw-p 00000000 00:00 0 
7fa9acbfe000-7fa9aebfe000 rw-p 00000000 00:00 0 
7fa9aebfe000-7fa9aebff000 ---p 00000000 00:00 0 
7fa9aebff000-7fa9af5ff000 rw-p 00000000 00:00 0 
7fa9af5ff000-7fa9af600000 ---p 00000000 00:00 0 
7fa9af600000-7fa9b0000000 rw-p 00000000 00:00 0 
7fa9b0000000-7fa9b0021000 rw-p 00000000 00:00 0 
7fa9b0021000-7fa9b4000000 ---p 00000000 00:00 0 
7fa9b4000000-7fa9b4021000 rw-p 00000000 00:00 0 
7fa9b4021000-7fa9b8000000 ---p 00000000 00:00 0 
7fa9b8000000-7fa9b8152000 rw-p 00000000 00:00 0 
7fa9b8152000-7fa9bc000000 ---p 00000000 00:00 0 
7fa9bc000000-7fa9bc0df000 rw-p 00000000 00:00 0 
7fa9bc0df000-7fa9c0000000 ---p 00000000 00:00 0 
7fa9c0000000-7fa9c0094000 rw-p 00000000 00:00 0 
7fa9c0094000-7fa9c4000000 ---p 00000000 00:00 0 
7fa9c4000000-7fa9c4136000 rw-p 00000000 00:00 0 
7fa9c4136000-7fa9c8000000 ---p 00000000 00:00 0 
7fa9c8000000-7fa9c826d000 rw-p 00000000 00:00 0 
7fa9c826d000-7fa9cc000000 ---p 00000000 00:00 0 
7fa9cc000000-7fa9cc0de000 rw-p 00000000 00:00 0 
7fa9cc0de000-7fa9d0000000 ---p 00000000 00:00 0 
7fa9d0000000-7fa9d028f000 rw-p 00000000 00:00 0 
7fa9d028f000-7fa9d4000000 ---p 00000000 00:00 0 
7fa9d4000000-7fa9d43f7000 rw-p 00000000 00:00 0 
7fa9d43f7000-7fa9d8000000 ---p 00000000 00:00 0 
7fa9d8000000-7fa9d8274000 rw-p 00000000 00:00 0 
7fa9d8274000-7fa9dc000000 ---p 00000000 00:00 0 
7fa9dc000000-7fa9dc5ec000 rw-p 00000000 00:00 0 
7fa9dc5ec000-7fa9e0000000 ---p 00000000 00:00 0 
7fa9e0000000-7fa9e02ad000 rw-p 00000000 00:00 0 
7fa9e02ad000-7fa9e4000000 ---p 00000000 00:00 0 
7fa9e4000000-7fa9e43a8000 rw-p 00000000 00:00 0 
7fa9e43a8000-7fa9e8000000 ---p 00000000 00:00 0 
7fa9e8000000-7fa9e836a000 rw-p 00000000 00:00 0 
7fa9e836a000-7fa9ec000000 ---p 00000000 00:00 0 
7fa9ec000000-7fa9ec47a000 rw-p 00000000 00:00 0 
7fa9ec47a000-7fa9f0000000 ---p 00000000 00:00 0 
7fa9f0000000-7fa9f0021000 rw-p 00000000 00:00 0 
7fa9f0021000-7fa9f4000000 ---p 00000000 00:00 0 
7fa9f4000000-7fa9f4331000 rw-p 00000000 00:00 0 
7fa9f4331000-7fa9f8000000 ---p 00000000 00:00 0 
7fa9f8000000-7fa9f8021000 rw-p 00000000 00:00 0 
7fa9f8021000-7fa9fc000000 ---p 00000000 00:00 0 
7fa9fc000000-7fa9fc021000 rw-p 00000000 00:00 0 
7fa9fc021000-7faa00000000 ---p 00000000 00:00 0 
7faa00000000-7faa00021000 rw-p 00000000 00:00 0 
7faa00021000-7faa04000000 ---p 00000000 00:00 0 
7faa040d8000-7faa040db000 ---p 00000000 00:00 0 
7faa040db000-7faa041d9000 rw-p 00000000 00:00 0 
7faa041d9000-7faa04203000 r-xp 00000000 fc:0c 15482675                   /root/.djl.ai/paddle/2.0.2-cpu-linux-x86_64/0.13.0-SNAPSHOT-cpu-libdjl_paddle.so
7faa04203000-7faa04402000 ---p 0002a000 fc:0c 15482675                   /root/.djl.ai/paddle/2.0.2-cpu-linux-x86_64/0.13.0-SNAPSHOT-cpu-libdjl_paddle.so
7faa04402000-7faa04403000 r--p 00029000 fc:0c 15482675                   /root/.djl.ai/paddle/2.0.2-cpu-linux-x86_64/0.13.0-SNAPSHOT-cpu-libdjl_paddle.so
7faa04403000-7faa04405000 rw-p 0002a000 fc:0c 15482675                   /root/.djl.ai/paddle/2.0.2-cpu-linux-x86_64/0.13.0-SNAPSHOT-cpu-libdjl_paddle.so
7faa04405000-7faa04406000 ---p 00000000 00:00 0 
7faa04406000-7faa04e06000 rw-p 00000000 00:00 0 
7faa04e06000-7faa04e90000 r-xp 00000000 fc:0c 12062633                   /usr/local/cuda-11.2/targets/x86_64-linux/lib/libcudart.so.11.2.146
7faa04e90000-7faa05090000 ---p 0008a000 fc:0c 12062633                   /usr/local/cuda-11.2/targets/x86_64-linux/lib/libcudart.so.11.2.146
7faa05090000-7faa05094000 rw-p 0008a000 fc:0c 12062633                   /usr/local/cuda-11.2/targets/x86_64-linux/lib/libcudart.so.11.2.146
7faa05094000-7faa05095000 rw-p 00000000 00:00 0 
7faa05095000-7faa05098000 ---p 00000000 00:00 0 
7faa05098000-7faa050ce000 rw-p 00000000 00:00 0 
7faa050ce000-7faa050e7000 r-xp 00000000 fc:0c 12863675                   /root/.cache/JNA/temp/jna8907361294125503814.tmp (deleted)
7faa050e7000-7faa052e7000 ---p 00019000 fc:0c 12863675                   /root/.cache/JNA/temp/jna8907361294125503814.tmp (deleted)
7faa052e7000-7faa052e8000 rw-p 00019000 fc:0c 12863675                   /root/.cache/JNA/temp/jna8907361294125503814.tmp (deleted)
7faa052e8000-7faa052f9000 r--s 001bf000 fc:0c 12652409                   /usr/lib/jvm/java-8-openjdk-amd64/jre/lib/jsse.jar
7faa052f9000-7faa054f9000 rw-p 00000000 00:00 0 
7faa054f9000-7faa056f9000 rw-p 00000000 00:00 0 
7faa056f9000-7faa05702000 r-xp 00000000 fc:0c 12652361                   /usr/lib/jvm/java-8-openjdk-amd64/jre/lib/amd64/libmanagement.so
7faa05702000-7faa05901000 ---p 00009000 fc:0c 12652361                   /usr/lib/jvm/java-8-openjdk-amd64/jre/lib/amd64/libmanagement.so
7faa05901000-7faa05902000 r--p 00008000 fc:0c 12652361                   /usr/lib/jvm/java-8-openjdk-amd64/jre/lib/amd64/libmanagement.so
7faa05902000-7faa05903000 rw-p 00009000 fc:0c 12652361                   /usr/lib/jvm/java-8-openjdk-amd64/jre/lib/amd64/libmanagement.so
7faa05903000-7faa05909000 r--s 00042000 fc:0c 12073005                   /root/.gradle/caches/modules-2/files-2.1/org.apache.logging.log4j/log4j-api/2.13.3/ec1508160b93d274b1add34419b897bae84c6ca9/log4j-api-2.13.3.jar
7faa05909000-7faa0592b000 r--s 00181000 fc:0c 12073013                   /root/.gradle/caches/modules-2/files-2.1/org.apache.logging.log4j/log4j-core/2.13.3/4e857439fc4fe974d212adaaaa3b118b8b50e3ec/log4j-core-2.13.3.jar
7faa0592b000-7faa0593c000 r--s 000e8000 fc:0c 12073003                   /root/.gradle/caches/modules-2/files-2.1/org.apache.commons/commons-compress/1.21/4ec95b60d4e86b5c95a0e919cb172a0af98011ef/commons-compress-1.21.jar
7faa0593c000-7faa05941000 r--s 001a2000 fc:0c 12073006                   /root/.gradle/caches/modules-2/files-2.1/net.java.dev.jna/jna/5.8.0/3551d8d827e54858214107541d3aff9c615cb615/jna-5.8.0.jar
7faa05941000-7faa05946000 r--s 00036000 fc:0c 12073011                   /root/.gradle/caches/modules-2/files-2.1/com.google.code.gson/gson/2.8.7/69d9503ea0a40ee16f0bcdac7e3eaf83d0fa914a/gson-2.8.7.jar
7faa05946000-7faa05952000 r--s 00097000 fc:0c 12073010                   /root/.gradle/caches/modules-2/files-2.1/ai.djl/api/0.13.0-SNAPSHOT/9555c7f01caa74db08986582c6776b619fa6441d/api-0.13.0-SNAPSHOT.jar
7faa05952000-7faa05983000 rw-p 00000000 00:00 0 
7faa05983000-7faa0599b000 r-xp 00000000 fc:0c 12652363                   /usr/lib/jvm/java-8-openjdk-amd64/jre/lib/amd64/libnet.so
7faa0599b000-7faa05b9a000 ---p 00018000 fc:0c 12652363                   /usr/lib/jvm/java-8-openjdk-amd64/jre/lib/amd64/libnet.so
7faa05b9a000-7faa05b9b000 r--p 00017000 fc:0c 12652363                   /usr/lib/jvm/java-8-openjdk-amd64/jre/lib/amd64/libnet.so
7faa05b9b000-7faa05b9c000 rw-p 00018000 fc:0c 12652363                   /usr/lib/jvm/java-8-openjdk-amd64/jre/lib/amd64/libnet.so
7faa05b9c000-7faa05bae000 r-xp 00000000 fc:0c 12652364                   /usr/lib/jvm/java-8-openjdk-amd64/jre/lib/amd64/libnio.so
7faa05bae000-7faa05dad000 ---p 00012000 fc:0c 12652364                   /usr/lib/jvm/java-8-openjdk-amd64/jre/lib/amd64/libnio.so
7faa05dad000-7faa05dae000 r--p 00011000 fc:0c 12652364                   /usr/lib/jvm/java-8-openjdk-amd64/jre/lib/amd64/libnio.so
7faa05dae000-7faa05daf000 rw-p 00012000 fc:0c 12652364                   /usr/lib/jvm/java-8-openjdk-amd64/jre/lib/amd64/libnio.so
7faa05daf000-7faa05dca000 r--s 001d6000 fc:0c 12652390                   /usr/lib/jvm/java-8-openjdk-amd64/jre/lib/ext/nashorn.jar
7faa05dca000-7faa05de5000 r--s 00394000 fc:0c 12652385                   /usr/lib/jvm/java-8-openjdk-amd64/jre/lib/ext/cldrdata.jar
7faa05de5000-7faa05de6000 ---p 00000000 00:00 0 
7faa05de6000-7faa05ee6000 rw-p 00000000 00:00 0 
7faa05ee6000-7faa05ee9000 ---p 00000000 00:00 0 
7faa05ee9000-7faa05fe7000 rw-p 00000000 00:00 0 
7faa05fe7000-7faa05fe8000 ---p 00000000 00:00 0 
7faa05fe8000-7faa05feb000 ---p 00000000 00:00 0 
7faa05feb000-7faa060e8000 rw-p 00000000 00:00 0 
7faa060e8000-7faa060e9000 ---p 00000000 00:00 0 
7faa060e9000-7faa060ec000 ---p 00000000 00:00 0 
7faa060ec000-7faa061e9000 rw-p 00000000 00:00 0 
7faa061e9000-7faa061ea000 ---p 00000000 00:00 0 
7faa061ea000-7faa061ed000 ---p 00000000 00:00 0 
7faa061ed000-7faa062ea000 rw-p 00000000 00:00 0 
7faa062ea000-7faa062eb000 ---p 00000000 00:00 0 
7faa062eb000-7faa062ee000 ---p 00000000 00:00 0 
7faa062ee000-7faa063eb000 rw-p 00000000 00:00 0 
7faa063eb000-7faa063ec000 ---p 00000000 00:00 0 
7faa063ec000-7faa063ef000 ---p 00000000 00:00 0 
7faa063ef000-7faa064ec000 rw-p 00000000 00:00 0 
7faa064ec000-7faa064ed000 ---p 00000000 00:00 0 
7faa064ed000-7faa064f0000 ---p 00000000 00:00 0 
7faa064f0000-7faa065ed000 rw-p 00000000 00:00 0 
7faa065ed000-7faa065ee000 ---p 00000000 00:00 0 
7faa065ee000-7faa065f1000 ---p 00000000 00:00 0 
7faa065f1000-7faa066ee000 rw-p 00000000 00:00 0 
7faa066ee000-7faa066ef000 ---p 00000000 00:00 0 
7faa066ef000-7faa066f2000 ---p 00000000 00:00 0 
7faa066f2000-7faa067ef000 rw-p 00000000 00:00 0 
7faa067ef000-7faa067f0000 ---p 00000000 00:00 0 
7faa067f0000-7faa067f3000 ---p 00000000 00:00 0 
7faa067f3000-7faa068f0000 rw-p 00000000 00:00 0 
7faa068f0000-7faa068f1000 ---p 00000000 00:00 0 
7faa068f1000-7faa068f4000 ---p 00000000 00:00 0 
7faa068f4000-7faa069f1000 rw-p 00000000 00:00 0 
7faa069f1000-7faa069f2000 ---p 00000000 00:00 0 
7faa069f2000-7faa069f5000 ---p 00000000 00:00 0 
7faa069f5000-7faa06af2000 rw-p 00000000 00:00 0 
7faa06af2000-7faa06af3000 ---p 00000000 00:00 0 
7faa06af3000-7faa06af6000 ---p 00000000 00:00 0 
7faa06af6000-7faa06bf3000 rw-p 00000000 00:00 0 
7faa06bf3000-7faa06bf4000 ---p 00000000 00:00 0 
7faa06bf4000-7faa06bf7000 ---p 00000000 00:00 0 
7faa06bf7000-7faa06cf4000 rw-p 00000000 00:00 0 
7faa06cf4000-7faa06cf5000 ---p 00000000 00:00 0 
7faa06cf5000-7faa06cf8000 ---p 00000000 00:00 0 
7faa06cf8000-7faa06df5000 rw-p 00000000 00:00 0 
7faa06df5000-7faa06df6000 ---p 00000000 00:00 0 
7faa06df6000-7faa06df9000 ---p 00000000 00:00 0 
7faa06df9000-7faa06ef6000 rw-p 00000000 00:00 0 
7faa06ef6000-7faa06ef9000 ---p 00000000 00:00 0 
7faa06ef9000-7faa06ff7000 rw-p 00000000 00:00 0 
7faa06ff7000-7faa07349000 r--p 00000000 fc:0c 12068175                   /usr/lib/locale/locale-archive
7faa07349000-7faa0734c000 ---p 00000000 00:00 0 
7faa0734c000-7faa0744a000 rw-p 00000000 00:00 0 
7faa0744a000-7faa0744d000 ---p 00000000 00:00 0 
7faa0744d000-7faa0754b000 rw-p 00000000 00:00 0 
7faa0754b000-7faa0754c000 ---p 00000000 00:00 0 
7faa0754c000-7faa4c000000 rw-p 00000000 00:00 0 
7faa4c000000-7faa4c021000 rw-p 00000000 00:00 0 
7faa4c021000-7faa50000000 ---p 00000000 00:00 0 
7faa50000000-7faa50021000 rw-p 00000000 00:00 0 
7faa50021000-7faa54000000 ---p 00000000 00:00 0 
7faa54000000-7faa54021000 rw-p 00000000 00:00 0 
7faa54021000-7faa58000000 ---p 00000000 00:00 0 
7faa58000000-7faa58021000 rw-p 00000000 00:00 0 
7faa58021000-7faa5c000000 ---p 00000000 00:00 0 
7faa5c000000-7faa5c021000 rw-p 00000000 00:00 0 
7faa5c021000-7faa60000000 ---p 00000000 00:00 0 
7faa60000000-7faa60021000 rw-p 00000000 00:00 0 
7faa60021000-7faa64000000 ---p 00000000 00:00 0 
7faa64000000-7faa64021000 rw-p 00000000 00:00 0 
7faa64021000-7faa68000000 ---p 00000000 00:00 0 
7faa68000000-7faa68021000 rw-p 00000000 00:00 0 
7faa68021000-7faa6c000000 ---p 00000000 00:00 0 
7faa6c000000-7faa6c021000 rw-p 00000000 00:00 0 
7faa6c021000-7faa70000000 ---p 00000000 00:00 0 
7faa70000000-7faa70021000 rw-p 00000000 00:00 0 
7faa70021000-7faa74000000 ---p 00000000 00:00 0 
7faa74000000-7faa74021000 rw-p 00000000 00:00 0 
7faa74021000-7faa78000000 ---p 00000000 00:00 0 
7faa78000000-7faa78021000 rw-p 00000000 00:00 0 
7faa78021000-7faa7c000000 ---p 00000000 00:00 0 
7faa7c000000-7faa7c021000 rw-p 00000000 00:00 0 
7faa7c021000-7faa80000000 ---p 00000000 00:00 0 
7faa80000000-7faa80021000 rw-p 00000000 00:00 0 
7faa80021000-7faa84000000 ---p 00000000 00:00 0 
7faa84000000-7faa84021000 rw-p 00000000 00:00 0 
7faa84021000-7faa88000000 ---p 00000000 00:00 0 
7faa88000000-7faa88021000 rw-p 00000000 00:00 0 
7faa88021000-7faa8c000000 ---p 00000000 00:00 0 
7faa8c000000-7faa8c021000 rw-p 00000000 00:00 0 
7faa8c021000-7faa90000000 ---p 00000000 00:00 0 
7faa90000000-7faa90021000 rw-p 00000000 00:00 0 
7faa90021000-7faa94000000 ---p 00000000 00:00 0 
7faa94000000-7faa94021000 rw-p 00000000 00:00 0 
7faa94021000-7faa98000000 ---p 00000000 00:00 0 
7faa98000000-7faa98021000 rw-p 00000000 00:00 0 
7faa98021000-7faa9c000000 ---p 00000000 00:00 0 
7faa9c000000-7faa9c021000 rw-p 00000000 00:00 0 
7faa9c021000-7faaa0000000 ---p 00000000 00:00 0 
7faaa0000000-7faaa0021000 rw-p 00000000 00:00 0 
7faaa0021000-7faaa4000000 ---p 00000000 00:00 0 
7faaa4000000-7faaa4021000 rw-p 00000000 00:00 0 
7faaa4021000-7faaa8000000 ---p 00000000 00:00 0 
7faaa8000000-7faaa8021000 rw-p 00000000 00:00 0 
7faaa8021000-7faaac000000 ---p 00000000 00:00 0 
7faaac000000-7faaac021000 rw-p 00000000 00:00 0 
7faaac021000-7faab0000000 ---p 00000000 00:00 0 
7faab0000000-7faab0021000 rw-p 00000000 00:00 0 
7faab0021000-7faab4000000 ---p 00000000 00:00 0 
7faab4000000-7faab4021000 rw-p 00000000 00:00 0 
7faab4021000-7faab8000000 ---p 00000000 00:00 0 
7faab8000000-7faab8021000 rw-p 00000000 00:00 0 
7faab8021000-7faabc000000 ---p 00000000 00:00 0 
7faabc000000-7faabcd4f000 rw-p 00000000 00:00 0 
7faabcd4f000-7faabcf20000 r--s 03ca5000 fc:0c 12652414                   /usr/lib/jvm/java-8-openjdk-amd64/jre/lib/rt.jar
7faabcf20000-7faabd9ee000 rw-p 00000000 00:00 0 
7faabd9ee000-7faabd9ef000 ---p 00000000 00:00 0 
7faabd9ef000-7faabdaef000 rw-p 00000000 00:00 0 
7faabdaef000-7faabdaf0000 ---p 00000000 00:00 0 
7faabdaf0000-7faabdbf0000 rw-p 00000000 00:00 0 
7faabdbf0000-7faabdbf1000 ---p 00000000 00:00 0 
7faabdbf1000-7faabdcf1000 rw-p 00000000 00:00 0 
7faabdcf1000-7faabdcf2000 ---p 00000000 00:00 0 
7faabdcf2000-7faabddf2000 rw-p 00000000 00:00 0 
7faabddf2000-7faabddf3000 ---p 00000000 00:00 0 
7faabddf3000-7faabdef3000 rw-p 00000000 00:00 0 
7faabdef3000-7faabdef4000 ---p 00000000 00:00 0 
7faabdef4000-7faabdff4000 rw-p 00000000 00:00 0 
7faabdff4000-7faabdff5000 ---p 00000000 00:00 0 
7faabdff5000-7faabe0f5000 rw-p 00000000 00:00 0 
7faabe0f5000-7faabe0f6000 ---p 00000000 00:00 0 
7faabe0f6000-7faabe1f6000 rw-p 00000000 00:00 0 
7faabe1f6000-7faabe1f7000 ---p 00000000 00:00 0 
7faabe1f7000-7faabe2f7000 rw-p 00000000 00:00 0 
7faabe2f7000-7faabe2f8000 ---p 00000000 00:00 0 
7faabe2f8000-7faabe3f8000 rw-p 00000000 00:00 0 
7faabe3f8000-7faabe3f9000 ---p 00000000 00:00 0 
7faabe3f9000-7faabe4f9000 rw-p 00000000 00:00 0 
7faabe4f9000-7faabe4fa000 ---p 00000000 00:00 0 
7faabe4fa000-7faabe5fa000 rw-p 00000000 00:00 0 
7faabe5fa000-7faabe5fb000 ---p 00000000 00:00 0 
7faabe5fb000-7faabe6fb000 rw-p 00000000 00:00 0 
7faabe6fb000-7faabe6fc000 ---p 00000000 00:00 0 
7faabe6fc000-7faabe7fc000 rw-p 00000000 00:00 0 
7faabe7fc000-7faabe7fd000 ---p 00000000 00:00 0 
7faabe7fd000-7faabe8fd000 rw-p 00000000 00:00 0 
7faabe8fd000-7faabe8fe000 ---p 00000000 00:00 0 
7faabe8fe000-7faabe9fe000 rw-p 00000000 00:00 0 
7faabe9fe000-7faabe9ff000 ---p 00000000 00:00 0 
7faabe9ff000-7faabeaff000 rw-p 00000000 00:00 0 
7faabeaff000-7faabeb00000 ---p 00000000 00:00 0 
7faabeb00000-7faabeeab000 rw-p 00000000 00:00 0 
7faabeeab000-7faac1400000 ---p 00000000 00:00 0 
7faac1400000-7faac16ab000 rw-p 00000000 00:00 0 
7faac16ab000-7faac3bff000 ---p 00000000 00:00 0 
7faac3bff000-7faac3e55000 rw-p 00000000 00:00 0 
7faac3e55000-7faac4fff000 ---p 00000000 00:00 0 
7faac4fff000-7faac5000000 rw-p 00000000 00:00 0 
7faac5000000-7faac5870000 rwxp 00000000 00:00 0 
7faac5870000-7faad4000000 ---p 00000000 00:00 0 
7faad4000000-7faad8000000 rw-p 00000000 00:00 0 
7faad8002000-7faad8004000 r--s 00009000 fc:0c 12073009                   /root/.gradle/caches/modules-2/files-2.1/org.slf4j/slf4j-api/1.7.32/cdcff33940d9f2de763bc41ea05a0be5941176c3/slf4j-api-1.7.32.jar
7faad8004000-7faad8005000 r--s 00005000 fc:0c 12073004                   /root/.gradle/caches/modules-2/files-2.1/org.apache.logging.log4j/log4j-slf4j-impl/2.13.3/7cca27a921a18645139cf651c04b83b1a19cfd76/log4j-slf4j-impl-2.13.3.jar
7faad8005000-7faad8006000 r--s 00000000 fc:0c 12073008                   /root/.gradle/caches/modules-2/files-2.1/ai.djl.paddlepaddle/paddlepaddle-native-auto/2.0.2/69c73b88b62f17256e4fca68da2afb4637bbe3d5/paddlepaddle-native-auto-2.0.2.jar
7faad8006000-7faad8008000 r--s 00022000 fc:0c 12073007                   /root/.gradle/caches/modules-2/files-2.1/ai.djl.paddlepaddle/paddlepaddle-engine/0.13.0-SNAPSHOT/fec2462fc1fbb21919c3e549eea2a462005023bb/paddlepaddle-engine-0.13.0-SNAPSHOT.jar
7faad8008000-7faad800a000 r--s 00001000 fc:0c 12652386                   /usr/lib/jvm/java-8-openjdk-amd64/jre/lib/ext/dnsns.jar
7faad800a000-7faad800b000 r--s 0000a000 fc:0c 12652388                   /usr/lib/jvm/java-8-openjdk-amd64/jre/lib/ext/jaccess.jar
7faad800b000-7faad800f000 r--s 00040000 fc:0c 12652393                   /usr/lib/jvm/java-8-openjdk-amd64/jre/lib/ext/sunpkcs11.jar
7faad800f000-7faad8011000 r--s 00010000 fc:0c 12652394                   /usr/lib/jvm/java-8-openjdk-amd64/jre/lib/ext/zipfs.jar
7faad8011000-7faad8012000 ---p 00000000 00:00 0 
7faad8012000-7faad8112000 rw-p 00000000 00:00 0 
7faad8112000-7faad8113000 ---p 00000000 00:00 0 
7faad8113000-7faad8213000 rw-p 00000000 00:00 0 
7faad8213000-7faad8214000 ---p 00000000 00:00 0 
7faad8214000-7faad8314000 rw-p 00000000 00:00 0 
7faad8314000-7faad8315000 ---p 00000000 00:00 0 
7faad8315000-7faad8415000 rw-p 00000000 00:00 0 
7faad8415000-7faad8416000 ---p 00000000 00:00 0 
7faad8416000-7faad8516000 rw-p 00000000 00:00 0 
7faad8516000-7faad8517000 ---p 00000000 00:00 0 
7faad8517000-7faad8617000 rw-p 00000000 00:00 0 
7faad8617000-7faad8618000 ---p 00000000 00:00 0 
7faad8618000-7faad8718000 rw-p 00000000 00:00 0 
7faad8718000-7faad8719000 ---p 00000000 00:00 0 
7faad8719000-7faad8819000 rw-p 00000000 00:00 0 
7faad8819000-7faad881a000 ---p 00000000 00:00 0 
7faad881a000-7faad891a000 rw-p 00000000 00:00 0 
7faad891a000-7faad891b000 ---p 00000000 00:00 0 
7faad891b000-7faad8a3d000 rw-p 00000000 00:00 0 
7faad8a3d000-7faad8ddb000 ---p 00000000 00:00 0 
7faad8ddb000-7faad8de3000 r-xp 00000000 fc:0c 12652371                   /usr/lib/jvm/java-8-openjdk-amd64/jre/lib/amd64/libzip.so
7faad8de3000-7faad8fe2000 ---p 00008000 fc:0c 12652371                   /usr/lib/jvm/java-8-openjdk-amd64/jre/lib/amd64/libzip.so
7faad8fe2000-7faad8fe3000 r--p 00007000 fc:0c 12652371                   /usr/lib/jvm/java-8-openjdk-amd64/jre/lib/amd64/libzip.so
7faad8fe3000-7faad8fe4000 rw-p 00008000 fc:0c 12652371                   /usr/lib/jvm/java-8-openjdk-amd64/jre/lib/amd64/libzip.so
7faad8fe4000-7faad8fef000 r-xp 00000000 fc:0c 12059011                   /lib/x86_64-linux-gnu/libnss_files-2.27.so
7faad8fef000-7faad91ee000 ---p 0000b000 fc:0c 12059011                   /lib/x86_64-linux-gnu/libnss_files-2.27.so
7faad91ee000-7faad91ef000 r--p 0000a000 fc:0c 12059011                   /lib/x86_64-linux-gnu/libnss_files-2.27.so
7faad91ef000-7faad91f0000 rw-p 0000b000 fc:0c 12059011                   /lib/x86_64-linux-gnu/libnss_files-2.27.so
7faad91f0000-7faad91f6000 rw-p 00000000 00:00 0 
7faad91f6000-7faad920d000 r-xp 00000000 fc:0c 12059005                   /lib/x86_64-linux-gnu/libnsl-2.27.so
7faad920d000-7faad940c000 ---p 00017000 fc:0c 12059005                   /lib/x86_64-linux-gnu/libnsl-2.27.so
7faad940c000-7faad940d000 r--p 00016000 fc:0c 12059005                   /lib/x86_64-linux-gnu/libnsl-2.27.so
7faad940d000-7faad940e000 rw-p 00017000 fc:0c 12059005                   /lib/x86_64-linux-gnu/libnsl-2.27.so
7faad940e000-7faad9410000 rw-p 00000000 00:00 0 
7faad9410000-7faad941b000 r-xp 00000000 fc:0c 12059015                   /lib/x86_64-linux-gnu/libnss_nis-2.27.so
7faad941b000-7faad961a000 ---p 0000b000 fc:0c 12059015                   /lib/x86_64-linux-gnu/libnss_nis-2.27.so
7faad961a000-7faad961b000 r--p 0000a000 fc:0c 12059015                   /lib/x86_64-linux-gnu/libnss_nis-2.27.so
7faad961b000-7faad961c000 rw-p 0000b000 fc:0c 12059015                   /lib/x86_64-linux-gnu/libnss_nis-2.27.so
7faad961c000-7faad9624000 r-xp 00000000 fc:0c 12059007                   /lib/x86_64-linux-gnu/libnss_compat-2.27.so
7faad9624000-7faad9824000 ---p 00008000 fc:0c 12059007                   /lib/x86_64-linux-gnu/libnss_compat-2.27.so
7faad9824000-7faad9825000 r--p 00008000 fc:0c 12059007                   /lib/x86_64-linux-gnu/libnss_compat-2.27.so
7faad9825000-7faad9826000 rw-p 00009000 fc:0c 12059007                   /lib/x86_64-linux-gnu/libnss_compat-2.27.so
7faad9826000-7faad9850000 r-xp 00000000 fc:0c 12652352                   /usr/lib/jvm/java-8-openjdk-amd64/jre/lib/amd64/libjava.so
7faad9850000-7faad9a50000 ---p 0002a000 fc:0c 12652352                   /usr/lib/jvm/java-8-openjdk-amd64/jre/lib/amd64/libjava.so
7faad9a50000-7faad9a51000 r--p 0002a000 fc:0c 12652352                   /usr/lib/jvm/java-8-openjdk-amd64/jre/lib/amd64/libjava.so
7faad9a51000-7faad9a53000 rw-p 0002b000 fc:0c 12652352                   /usr/lib/jvm/java-8-openjdk-amd64/jre/lib/amd64/libjava.so
7faad9a53000-7faad9a63000 r-xp 00000000 fc:0c 12652370                   /usr/lib/jvm/java-8-openjdk-amd64/jre/lib/amd64/libverify.so
7faad9a63000-7faad9c62000 ---p 00010000 fc:0c 12652370                   /usr/lib/jvm/java-8-openjdk-amd64/jre/lib/amd64/libverify.so
7faad9c62000-7faad9c64000 r--p 0000f000 fc:0c 12652370                   /usr/lib/jvm/java-8-openjdk-amd64/jre/lib/amd64/libverify.so
7faad9c64000-7faad9c65000 rw-p 00011000 fc:0c 12652370                   /usr/lib/jvm/java-8-openjdk-amd64/jre/lib/amd64/libverify.so
7faad9c65000-7faad9c6c000 r-xp 00000000 fc:0c 12059034                   /lib/x86_64-linux-gnu/librt-2.27.so
7faad9c6c000-7faad9e6b000 ---p 00007000 fc:0c 12059034                   /lib/x86_64-linux-gnu/librt-2.27.so
7faad9e6b000-7faad9e6c000 r--p 00006000 fc:0c 12059034                   /lib/x86_64-linux-gnu/librt-2.27.so
7faad9e6c000-7faad9e6d000 rw-p 00007000 fc:0c 12059034                   /lib/x86_64-linux-gnu/librt-2.27.so
7faad9e6d000-7faad9e84000 r-xp 00000000 fc:0c 12058987                   /lib/x86_64-linux-gnu/libgcc_s.so.1
7faad9e84000-7faada083000 ---p 00017000 fc:0c 12058987                   /lib/x86_64-linux-gnu/libgcc_s.so.1
7faada083000-7faada084000 r--p 00016000 fc:0c 12058987                   /lib/x86_64-linux-gnu/libgcc_s.so.1
7faada084000-7faada085000 rw-p 00017000 fc:0c 12058987                   /lib/x86_64-linux-gnu/libgcc_s.so.1
7faada085000-7faada222000 r-xp 00000000 fc:0c 12058994                   /lib/x86_64-linux-gnu/libm-2.27.so
7faada222000-7faada421000 ---p 0019d000 fc:0c 12058994                   /lib/x86_64-linux-gnu/libm-2.27.so
7faada421000-7faada422000 r--p 0019c000 fc:0c 12058994                   /lib/x86_64-linux-gnu/libm-2.27.so
7faada422000-7faada423000 rw-p 0019d000 fc:0c 12058994                   /lib/x86_64-linux-gnu/libm-2.27.so
7faada423000-7faada59c000 r-xp 00000000 fc:0c 12059767                   /usr/lib/x86_64-linux-gnu/libstdc++.so.6.0.25
7faada59c000-7faada79c000 ---p 00179000 fc:0c 12059767                   /usr/lib/x86_64-linux-gnu/libstdc++.so.6.0.25
7faada79c000-7faada7a6000 r--p 00179000 fc:0c 12059767                   /usr/lib/x86_64-linux-gnu/libstdc++.so.6.0.25
7faada7a6000-7faada7a8000 rw-p 00183000 fc:0c 12059767                   /usr/lib/x86_64-linux-gnu/libstdc++.so.6.0.25
7faada7a8000-7faada7ab000 rw-p 00000000 00:00 0 
7faada7ab000-7faadb51b000 r-xp 00000000 fc:0c 12652374                   /usr/lib/jvm/java-8-openjdk-amd64/jre/lib/amd64/server/libjvm.so
7faadb51b000-7faadb71a000 ---p 00d70000 fc:0c 12652374                   /usr/lib/jvm/java-8-openjdk-amd64/jre/lib/amd64/server/libjvm.so
7faadb71a000-7faadb7b0000 r--p 00d6f000 fc:0c 12652374                   /usr/lib/jvm/java-8-openjdk-amd64/jre/lib/amd64/server/libjvm.so
7faadb7b0000-7faadb7d9000 rw-p 00e05000 fc:0c 12652374                   /usr/lib/jvm/java-8-openjdk-amd64/jre/lib/amd64/server/libjvm.so
7faadb7d9000-7faadb80c000 rw-p 00000000 00:00 0 
7faadb80c000-7faadb826000 r-xp 00000000 fc:0c 12059030                   /lib/x86_64-linux-gnu/libpthread-2.27.so
7faadb826000-7faadba25000 ---p 0001a000 fc:0c 12059030                   /lib/x86_64-linux-gnu/libpthread-2.27.so
7faadba25000-7faadba26000 r--p 00019000 fc:0c 12059030                   /lib/x86_64-linux-gnu/libpthread-2.27.so
7faadba26000-7faadba27000 rw-p 0001a000 fc:0c 12059030                   /lib/x86_64-linux-gnu/libpthread-2.27.so
7faadba27000-7faadba2b000 rw-p 00000000 00:00 0 
7faadba2b000-7faadba2e000 r-xp 00000000 fc:0c 12058979                   /lib/x86_64-linux-gnu/libdl-2.27.so
7faadba2e000-7faadbc2d000 ---p 00003000 fc:0c 12058979                   /lib/x86_64-linux-gnu/libdl-2.27.so
7faadbc2d000-7faadbc2e000 r--p 00002000 fc:0c 12058979                   /lib/x86_64-linux-gnu/libdl-2.27.so
7faadbc2e000-7faadbc2f000 rw-p 00003000 fc:0c 12058979                   /lib/x86_64-linux-gnu/libdl-2.27.so
7faadbc2f000-7faadbc4b000 r-xp 00000000 fc:0c 12059057                   /lib/x86_64-linux-gnu/libz.so.1.2.11
7faadbc4b000-7faadbe4a000 ---p 0001c000 fc:0c 12059057                   /lib/x86_64-linux-gnu/libz.so.1.2.11
7faadbe4a000-7faadbe4b000 r--p 0001b000 fc:0c 12059057                   /lib/x86_64-linux-gnu/libz.so.1.2.11
7faadbe4b000-7faadbe4c000 rw-p 0001c000 fc:0c 12059057                   /lib/x86_64-linux-gnu/libz.so.1.2.11
7faadbe4c000-7faadc033000 r-xp 00000000 fc:0c 12058969                   /lib/x86_64-linux-gnu/libc-2.27.so
7faadc033000-7faadc233000 ---p 001e7000 fc:0c 12058969                   /lib/x86_64-linux-gnu/libc-2.27.so
7faadc233000-7faadc237000 r--p 001e7000 fc:0c 12058969                   /lib/x86_64-linux-gnu/libc-2.27.so
7faadc237000-7faadc239000 rw-p 001eb000 fc:0c 12058969                   /lib/x86_64-linux-gnu/libc-2.27.so
7faadc239000-7faadc23d000 rw-p 00000000 00:00 0 
7faadc23d000-7faadc24b000 r-xp 00000000 fc:0c 12652338                   /usr/lib/jvm/java-8-openjdk-amd64/jre/lib/amd64/jli/libjli.so
7faadc24b000-7faadc44a000 ---p 0000e000 fc:0c 12652338                   /usr/lib/jvm/java-8-openjdk-amd64/jre/lib/amd64/jli/libjli.so
7faadc44a000-7faadc44b000 r--p 0000d000 fc:0c 12652338                   /usr/lib/jvm/java-8-openjdk-amd64/jre/lib/amd64/jli/libjli.so
7faadc44b000-7faadc44c000 rw-p 0000e000 fc:0c 12652338                   /usr/lib/jvm/java-8-openjdk-amd64/jre/lib/amd64/jli/libjli.so
7faadc44c000-7faadc475000 r-xp 00000000 fc:0c 12058951                   /lib/x86_64-linux-gnu/ld-2.27.so
7faadc475000-7faadc47b000 r--s 0003d000 fc:0c 12652392                   /usr/lib/jvm/java-8-openjdk-amd64/jre/lib/ext/sunjce_provider.jar
7faadc47b000-7faadc47e000 r--s 0000f000 fc:0c 12652387                   /usr/lib/jvm/java-8-openjdk-amd64/jre/lib/ext/icedtea-sound.jar
7faadc47e000-7faadc480000 r--s 00008000 fc:0c 12652391                   /usr/lib/jvm/java-8-openjdk-amd64/jre/lib/ext/sunec.jar
7faadc480000-7faadc48b000 r--s 00116000 fc:0c 12652389                   /usr/lib/jvm/java-8-openjdk-amd64/jre/lib/ext/localedata.jar
7faadc48b000-7faadc48d000 r--s 00007000 fc:0c 15481867                   /usr/share/java/java-atk-wrapper.jar
7faadc48d000-7faadc493000 r--s 000d3000 fc:0c 12652408                   /usr/lib/jvm/java-8-openjdk-amd64/jre/lib/jfr.jar
7faadc493000-7faadc564000 rw-p 00000000 00:00 0 
7faadc564000-7faadc565000 ---p 00000000 00:00 0 
7faadc565000-7faadc568000 ---p 00000000 00:00 0 
7faadc568000-7faadc669000 rw-p 00000000 00:00 0 
7faadc669000-7faadc671000 rw-s 00000000 fc:0c 12333156                   /tmp/hsperfdata_root/76775
7faadc671000-7faadc672000 rw-p 00000000 00:00 0 
7faadc672000-7faadc673000 r--p 00000000 00:00 0 
7faadc673000-7faadc675000 rw-p 00000000 00:00 0 
7faadc675000-7faadc676000 r--p 00029000 fc:0c 12058951                   /lib/x86_64-linux-gnu/ld-2.27.so
7faadc676000-7faadc677000 rw-p 0002a000 fc:0c 12058951                   /lib/x86_64-linux-gnu/ld-2.27.so
7faadc677000-7faadc678000 rw-p 00000000 00:00 0 
7faadc678000-7faadc679000 r-xp 00000000 fc:0c 12652325                   /usr/lib/jvm/java-8-openjdk-amd64/jre/bin/java
7faadc878000-7faadc879000 r--p 00000000 fc:0c 12652325                   /usr/lib/jvm/java-8-openjdk-amd64/jre/bin/java
7faadc879000-7faadc87a000 rw-p 00001000 fc:0c 12652325                   /usr/lib/jvm/java-8-openjdk-amd64/jre/bin/java
7faadca69000-7faadca8a000 rw-p 00000000 00:00 0                          [heap]
7ffd233d4000-7ffd233f5000 rw-p 00000000 00:00 0                          [stack]
7ffd233f9000-7ffd233fb000 r-xp 00000000 00:00 0                          [vdso]
ffffffffff600000-ffffffffff601000 r-xp 00000000 00:00 0                  [vsyscall]

VM Arguments:
jvm_args: -Dfile.encoding=UTF-8 -Duser.country=US -Duser.language=en -Duser.variant 
java_command: Main CodeTutr
java_class_path (initial): /home/soft/xiaoxiao-PaddleRec/djlstarter/build/classes/java/main:/home/soft/xiaoxiao-PaddleRec/djlstarter/build/resources/main:/root/.gradle/caches/modules-2/files-2.1/ai.djl.paddlepaddle/paddlepaddle-engine/0.13.0-SNAPSHOT/fec2462fc1fbb21919c3e549eea2a462005023bb/paddlepaddle-engine-0.13.0-SNAPSHOT.jar:/root/.gradle/caches/modules-2/files-2.1/ai.djl/api/0.13.0-SNAPSHOT/9555c7f01caa74db08986582c6776b619fa6441d/api-0.13.0-SNAPSHOT.jar:/root/.gradle/caches/modules-2/files-2.1/ai.djl.paddlepaddle/paddlepaddle-native-auto/2.0.2/69c73b88b62f17256e4fca68da2afb4637bbe3d5/paddlepaddle-native-auto-2.0.2.jar:/root/.gradle/caches/modules-2/files-2.1/org.apache.logging.log4j/log4j-slf4j-impl/2.13.3/7cca27a921a18645139cf651c04b83b1a19cfd76/log4j-slf4j-impl-2.13.3.jar:/root/.gradle/caches/modules-2/files-2.1/com.google.code.gson/gson/2.8.7/69d9503ea0a40ee16f0bcdac7e3eaf83d0fa914a/gson-2.8.7.jar:/root/.gradle/caches/modules-2/files-2.1/net.java.dev.jna/jna/5.8.0/3551d8d827e54858214107541d3aff9c615cb615/jna-5.8.0.jar:/root/.gradle/caches/modules-2/files-2.1/org.apache.commons/commons-compress/1.21/4ec95b60d4e86b5c95a0e919cb172a0af98011ef/commons-compress-1.21.jar:/root/.gradle/caches/modules-2/files-2.1/org.slf4j/slf4j-api/1.7.32/cdcff33940d9f2de763bc41ea05a0be5941176c3/slf4j-api-1.7.32.jar:/root/.gradle/caches/modules-2/files-2.1/org.apache.logging.log4j/log4j-core/2.13.3/4e857439fc4fe974d212adaaaa3b118b8b50e3ec/log4j-core-2.13.3.jar:/root/.gradle/caches/modules-2/files-2.1/org.apache.logging.log4j/log4j-api/2.13.3/ec1508160b93d274b1add34419b897bae84c6ca9/log4j-api-2.13.3.jar
Launcher Type: SUN_STANDARD

Environment Variables:
PATH=/home/cmake-3.16.0-Linux-x86_64/bin:/usr/local/gcc-8.2/bin:/usr/local/nvidia/bin:/usr/local/cuda/bin:/usr/local/sbin:/usr/local/bin:/usr/sbin:/usr/bin:/sbin:/bin:/usr/local/go/bin:/root/gopath/bin
LD_LIBRARY_PATH=/usr/local/cuda-11.2/targets/x86_64-linux/lib:/usr/local/nvidia/lib:/usr/local/nvidia/lib64

Signal Handlers:
SIGSEGV: [libjvm.so+0xb6e2e0], sa_mask[0]=11111111011111111101111111111110, sa_flags=SA_RESTART|SA_SIGINFO
SIGBUS: [libjvm.so+0xb6e2e0], sa_mask[0]=11111111011111111101111111111110, sa_flags=SA_RESTART|SA_SIGINFO
SIGFPE: [libjvm.so+0x98e380], sa_mask[0]=11111111011111111101111111111110, sa_flags=SA_RESTART|SA_SIGINFO
SIGPIPE: [libjvm.so+0x98e380], sa_mask[0]=11111111011111111101111111111110, sa_flags=SA_RESTART|SA_SIGINFO
SIGXFSZ: [libjvm.so+0x98e380], sa_mask[0]=11111111011111111101111111111110, sa_flags=SA_RESTART|SA_SIGINFO
SIGILL: [libjvm.so+0x98e380], sa_mask[0]=00010000000000000000000000000000, sa_flags=SA_RESTART, flags was changed from 0x10000004, consider using jsig library
SIGUSR1: SIG_DFL, sa_mask[0]=00000000000000000000000000000000, sa_flags=none
SIGUSR2: [libjvm.so+0x98e230], sa_mask[0]=00100000000000000000000000000000, sa_flags=SA_RESTART|SA_SIGINFO
SIGHUP: [libjvm.so+0x98e8a0], sa_mask[0]=11111111011111111101111111111110, sa_flags=SA_RESTART|SA_SIGINFO
SIGINT: [libjvm.so+0x98e8a0], sa_mask[0]=11111111011111111101111111111110, sa_flags=SA_RESTART|SA_SIGINFO
SIGTERM: [libjvm.so+0x98e8a0], sa_mask[0]=11111111011111111101111111111110, sa_flags=SA_RESTART|SA_SIGINFO
SIGQUIT: [libjvm.so+0x98e8a0], sa_mask[0]=11111111011111111101111111111110, sa_flags=SA_RESTART|SA_SIGINFO


---------------  S Y S T E M  ---------------

OS:DISTRIB_ID=Ubuntu
DISTRIB_RELEASE=18.04
DISTRIB_CODENAME=bionic
DISTRIB_DESCRIPTION="Ubuntu 18.04.5 LTS"

uname:Linux 3.10.0_3-0-0-17 #181 SMP Thu Feb 8 16:34:08 CST 2018 x86_64
libc:glibc 2.27 NPTL 2.27 
rlimit: STACK 10240k, CORE 0k, NPROC 2056980, NOFILE 10240, AS infinity
load average:12.19 10.82 10.23

/proc/meminfo:
MemTotal:       526597408 kB
MemFree:        22486912 kB
MemAvailable:   435551628 kB
Buffers:        12695124 kB
Cached:         388804260 kB
SwapCached:            0 kB
Active:         278802416 kB
Inactive:       185585332 kB
Active(anon):   63044896 kB
Inactive(anon): 10144256 kB
Active(file):   215757520 kB
Inactive(file): 175441076 kB
Unevictable:     6779560 kB
Mlocked:         6779560 kB
SwapTotal:             0 kB
SwapFree:              0 kB
Dirty:              5396 kB
Writeback:             0 kB
AnonPages:      69667920 kB
Mapped:         12745136 kB
Shmem:          10300928 kB
Slab:           24620700 kB
SReclaimable:   23642444 kB
SUnreclaim:       978256 kB
KernelStack:      112720 kB
PageTables:       332400 kB
NFS_Unstable:          0 kB
Bounce:                0 kB
WritebackTmp:          0 kB
CommitLimit:    263298704 kB
Committed_AS:   184028884 kB
VmallocTotal:   34359738367 kB
VmallocUsed:     1703244 kB
VmallocChunk:   34089546264 kB
HardwareCorrupted:     0 kB
HugePages_Total:       0
HugePages_Free:        0
HugePages_Rsvd:        0
HugePages_Surp:        0
Hugepagesize:       2048 kB
DirectMap4k:    521266548 kB
DirectMap2M:     7909376 kB
DirectMap1G:     8388608 kB

container (cgroup) information:
container_type: cgroupv1
cpu_cpuset_cpus: 0-39
cpu_memory_nodes: 0-1
active_processor_count: 40
cpu_quota: -1
cpu_period: 100000
cpu_shares: -1
memory_limit_in_bytes: -1
memory_and_swap_limit_in_bytes: -1
memory_soft_limit_in_bytes: -1
memory_usage_in_bytes: 10789240832
memory_max_usage_in_bytes: 10789240832


CPU:total 40 (initial active 40) (20 cores per cpu, 2 threads per core) family 6 model 85 stepping 4, cmov, cx8, fxsr, mmx, sse, sse2, sse3, ssse3, sse4.1, sse4.2, popcnt, avx, avx2, aes, clmul, erms, rtm, 3dnowpref, lzcnt, ht, tsc, tscinvbit, bmi1, bmi2, adx

/proc/cpuinfo:
processor	: 0
vendor_id	: GenuineIntel
cpu family	: 6
model		: 85
model name	: Intel(R) Xeon(R) Gold 6148 CPU @ 2.40GHz
stepping	: 4
microcode	: 0x2000043
cpu MHz		: 2400.000
cache size	: 28160 KB
physical id	: 0
siblings	: 20
core id		: 0
cpu cores	: 20
apicid		: 0
initial apicid	: 0
fpu		: yes
fpu_exception	: yes
cpuid level	: 22
wp		: yes
flags		: fpu vme de pse tsc msr pae mce cx8 apic sep mtrr pge mca cmov pat pse36 clflush dts acpi mmx fxsr sse sse2 ss ht tm pbe syscall nx pdpe1gb rdtscp lm constant_tsc arch_perfmon pebs bts rep_good nopl xtopology nonstop_tsc aperfmperf eagerfpu pni pclmulqdq dtes64 ds_cpl vmx smx est tm2 ssse3 fma cx16 xtpr pdcm pcid dca sse4_1 sse4_2 x2apic movbe popcnt tsc_deadline_timer aes xsave avx f16c rdrand lahf_lm abm 3dnowprefetch arat epb pln pts dtherm tpr_shadow vnmi flexpriority ept vpid fsgsbase tsc_adjust bmi1 hle avx2 smep bmi2 erms invpcid rtm cqm mpx avx512f avx512dq rdseed adx smap clflushopt avx512cd avx512bw avx512vl xsaveopt xsavec xgetbv1 xsaves cqm_llc cqm_occup_llc
bogomips	: 4798.93
clflush size	: 64
cache_alignment	: 64
address sizes	: 46 bits physical, 48 bits virtual
power management:

processor	: 1
vendor_id	: GenuineIntel
cpu family	: 6
model		: 85
model name	: Intel(R) Xeon(R) Gold 6148 CPU @ 2.40GHz
stepping	: 4
microcode	: 0x2000043
cpu MHz		: 2400.000
cache size	: 28160 KB
physical id	: 0
siblings	: 20
core id		: 1
cpu cores	: 20
apicid		: 2
initial apicid	: 2
fpu		: yes
fpu_exception	: yes
cpuid level	: 22
wp		: yes
flags		: fpu vme de pse tsc msr pae mce cx8 apic sep mtrr pge mca cmov pat pse36 clflush dts acpi mmx fxsr sse sse2 ss ht tm pbe syscall nx pdpe1gb rdtscp lm constant_tsc arch_perfmon pebs bts rep_good nopl xtopology nonstop_tsc aperfmperf eagerfpu pni pclmulqdq dtes64 ds_cpl vmx smx est tm2 ssse3 fma cx16 xtpr pdcm pcid dca sse4_1 sse4_2 x2apic movbe popcnt tsc_deadline_timer aes xsave avx f16c rdrand lahf_lm abm 3dnowprefetch arat epb pln pts dtherm tpr_shadow vnmi flexpriority ept vpid fsgsbase tsc_adjust bmi1 hle avx2 smep bmi2 erms invpcid rtm cqm mpx avx512f avx512dq rdseed adx smap clflushopt avx512cd avx512bw avx512vl xsaveopt xsavec xgetbv1 xsaves cqm_llc cqm_occup_llc
bogomips	: 4798.93
clflush size	: 64
cache_alignment	: 64
address sizes	: 46 bits physical, 48 bits virtual
power management:

processor	: 2
vendor_id	: GenuineIntel
cpu family	: 6
model		: 85
model name	: Intel(R) Xeon(R) Gold 6148 CPU @ 2.40GHz
stepping	: 4
microcode	: 0x2000043
cpu MHz		: 2400.000
cache size	: 28160 KB
physical id	: 0
siblings	: 20
core id		: 2
cpu cores	: 20
apicid		: 4
initial apicid	: 4
fpu		: yes
fpu_exception	: yes
cpuid level	: 22
wp		: yes
flags		: fpu vme de pse tsc msr pae mce cx8 apic sep mtrr pge mca cmov pat pse36 clflush dts acpi mmx fxsr sse sse2 ss ht tm pbe syscall nx pdpe1gb rdtscp lm constant_tsc arch_perfmon pebs bts rep_good nopl xtopology nonstop_tsc aperfmperf eagerfpu pni pclmulqdq dtes64 ds_cpl vmx smx est tm2 ssse3 fma cx16 xtpr pdcm pcid dca sse4_1 sse4_2 x2apic movbe popcnt tsc_deadline_timer aes xsave avx f16c rdrand lahf_lm abm 3dnowprefetch arat epb pln pts dtherm tpr_shadow vnmi flexpriority ept vpid fsgsbase tsc_adjust bmi1 hle avx2 smep bmi2 erms invpcid rtm cqm mpx avx512f avx512dq rdseed adx smap clflushopt avx512cd avx512bw avx512vl xsaveopt xsavec xgetbv1 xsaves cqm_llc cqm_occup_llc
bogomips	: 4798.93
clflush size	: 64
cache_alignment	: 64
address sizes	: 46 bits physical, 48 bits virtual
power management:

processor	: 3
